<?xml version="1.0" encoding="UTF-8"?>
<!-- Generated by org.testng.reporters.JUnitReportReporter -->
<testsuite hostname="LPT001" failures="0" tests="1" name="com.example.tests.CT01ValidarLayout" time="6.578" errors="0" timestamp="2020-01-29T11:11:17 WET" skipped="0">
  <testcase classname="com.example.tests.CT01ValidarLayout" name="testCT01ValidarLayout" time="6.578"/>
</testsuite> <!-- com.example.tests.CT01ValidarLayout -->
