<?xml version="1.0" encoding="UTF-8"?>
<!-- Generated by org.testng.reporters.JUnitReportReporter -->
<testsuite hostname="LPT001" failures="0" tests="1" name="com.example.tests.CT03EnviarMensagem" time="27.343" errors="0" timestamp="2020-01-29T10:52:08 WET" skipped="0">
  <testcase classname="com.example.tests.CT03EnviarMensagem" name="testCT03EnviarMensagem" time="27.343"/>
</testsuite> <!-- com.example.tests.CT03EnviarMensagem -->
