<?xml version="1.0" encoding="UTF-8"?>
<!-- Generated by org.testng.reporters.JUnitReportReporter -->
<testsuite hostname="LPT001" failures="0" tests="1" name="com.example.tests.CT02ValidarCriticaCamposObrigatorios" time="12.423" errors="0" timestamp="2020-01-29T10:52:49 WET" skipped="0">
  <testcase classname="com.example.tests.CT02ValidarCriticaCamposObrigatorios" name="testCT02ValidarCriticaCamposObrigatorios" time="12.423"/>
</testsuite> <!-- com.example.tests.CT02ValidarCriticaCamposObrigatorios -->
